/opt/cfs_analytics_backend/cfsbackend/cfsbackend/cfsapp/models.py:13: RemovedInDjango19Warning: Model class cfsbackend.cfsapp.models.Call doesn't declare an explicit app_label and either isn't in an application in INSTALLED_APPS or else was imported before its application was loaded. This will no longer be supported in Django 1.9.
  class Call(models.Model):

/opt/cfs_analytics_backend/cfsbackend/cfsbackend/cfsapp/models.py:56: RemovedInDjango19Warning: Model class cfsbackend.cfsapp.models.City doesn't declare an explicit app_label and either isn't in an application in INSTALLED_APPS or else was imported before its application was loaded. This will no longer be supported in Django 1.9.
  class City(models.Model):

/opt/cfs_analytics_backend/cfsbackend/cfsbackend/cfsapp/models.py:64: RemovedInDjango19Warning: Model class cfsbackend.cfsapp.models.Incident doesn't declare an explicit app_label and either isn't in an application in INSTALLED_APPS or else was imported before its application was loaded. This will no longer be supported in Django 1.9.
  class Incident(models.Model):

[01/Aug/2015 14:13:25]"POST /api-auth/login/ HTTP/1.1" 302 0
[01/Aug/2015 14:13:25]"GET / HTTP/1.1" 200 6886
[01/Aug/2015 14:13:25]"GET /static/rest_framework/css/bootstrap.min.css HTTP/1.1" 304 0
[01/Aug/2015 14:13:25]"GET /static/rest_framework/css/prettify.css HTTP/1.1" 304 0
[01/Aug/2015 14:13:25]"GET /static/rest_framework/css/default.css HTTP/1.1" 304 0
[01/Aug/2015 14:13:25]"GET /static/rest_framework/css/bootstrap-tweaks.css HTTP/1.1" 304 0
[01/Aug/2015 14:13:25]"GET /static/rest_framework/js/bootstrap.min.js HTTP/1.1" 304 0
[01/Aug/2015 14:13:25]"GET /static/rest_framework/js/jquery-1.8.1-min.js HTTP/1.1" 304 0
[01/Aug/2015 14:13:25]"GET /static/rest_framework/js/prettify-min.js HTTP/1.1" 304 0
[01/Aug/2015 14:13:25]"GET /static/rest_framework/js/default.js HTTP/1.1" 304 0
[03/Aug/2015 09:04:51]"GET / HTTP/1.1" 200 6886
[03/Aug/2015 09:04:51]"GET /static/rest_framework/css/bootstrap.min.css HTTP/1.1" 304 0
[03/Aug/2015 09:04:51]"GET /static/rest_framework/css/prettify.css HTTP/1.1" 304 0
[03/Aug/2015 09:04:51]"GET /static/rest_framework/js/jquery-1.8.1-min.js HTTP/1.1" 304 0
[03/Aug/2015 09:04:51]"GET /static/rest_framework/css/default.css HTTP/1.1" 304 0
[03/Aug/2015 09:04:51]"GET /static/rest_framework/css/bootstrap-tweaks.css HTTP/1.1" 304 0
[03/Aug/2015 09:04:51]"GET /static/rest_framework/js/bootstrap.min.js HTTP/1.1" 304 0
[03/Aug/2015 09:04:51]"GET /static/rest_framework/js/prettify-min.js HTTP/1.1" 304 0
[03/Aug/2015 09:04:51]"GET /static/rest_framework/js/default.js HTTP/1.1" 304 0
[03/Aug/2015 09:04:55]"GET /incidents/ HTTP/1.1" 200 28722
[03/Aug/2015 09:05:09]"GET /incidents/?page=2 HTTP/1.1" 200 28894
[03/Aug/2015 09:05:12]"GET /incidents/?page=3 HTTP/1.1" 200 29104
[03/Aug/2015 09:05:16]"GET /incidents/?page=4 HTTP/1.1" 200 29208
[03/Aug/2015 09:05:18]"GET /incidents/?page=5 HTTP/1.1" 200 29206
[03/Aug/2015 09:05:19]"POST /incidents/?page=5 HTTP/1.1" 200 23556
[03/Aug/2015 09:08:01]"GET / HTTP/1.1" 403 5631
[03/Aug/2015 09:08:02]"GET /static/rest_framework/css/bootstrap-tweaks.css HTTP/1.1" 200 3143
[03/Aug/2015 09:08:02]"GET /static/rest_framework/css/bootstrap.min.css HTTP/1.1" 200 109518
[03/Aug/2015 09:08:02]"GET /static/rest_framework/css/prettify.css HTTP/1.1" 200 817
[03/Aug/2015 09:08:02]"GET /static/rest_framework/css/default.css HTTP/1.1" 200 944
[03/Aug/2015 09:08:02]"GET /static/rest_framework/js/bootstrap.min.js HTTP/1.1" 200 31819
[03/Aug/2015 09:08:02]"GET /static/rest_framework/js/jquery-1.8.1-min.js HTTP/1.1" 200 92791
[03/Aug/2015 09:08:02]"GET /static/rest_framework/js/prettify-min.js HTTP/1.1" 200 13632
[03/Aug/2015 09:08:02]"GET /static/rest_framework/js/default.js HTTP/1.1" 200 1692
[03/Aug/2015 09:08:02]"GET /static/rest_framework/img/grid.png HTTP/1.1" 200 1458
[03/Aug/2015 09:08:02]"GET /favicon.ico HTTP/1.1" 404 5660
/home/apreston/.virtualenvs/cfs/lib/python3.4/site-packages/django/templatetags/future.py:25: RemovedInDjango19Warning: Loading the `url` tag from the `future` library is deprecated and will be removed in Django 1.9. Use the default `url` tag instead.
  RemovedInDjango19Warning)

[03/Aug/2015 09:08:10]"GET /api-auth/login/?next=/ HTTP/1.1" 200 3633
[03/Aug/2015 09:08:17]"POST /api-auth/login/ HTTP/1.1" 302 0
[03/Aug/2015 09:08:17]"GET / HTTP/1.1" 200 6886
[03/Aug/2015 09:08:24]"GET /incidents/ HTTP/1.1" 200 28722
[05/Aug/2015 13:42:56]"GET / HTTP/1.1" 200 6886
[05/Aug/2015 13:42:56]"GET /static/rest_framework/css/prettify.css HTTP/1.1" 200 817
[05/Aug/2015 13:42:56]"GET /static/rest_framework/css/bootstrap-tweaks.css HTTP/1.1" 200 3143
[05/Aug/2015 13:42:56]"GET /static/rest_framework/js/bootstrap.min.js HTTP/1.1" 200 31819
[05/Aug/2015 13:42:56]"GET /static/rest_framework/css/default.css HTTP/1.1" 200 944
[05/Aug/2015 13:42:56]"GET /static/rest_framework/js/prettify-min.js HTTP/1.1" 200 13632
[05/Aug/2015 13:42:56]"GET /static/rest_framework/css/bootstrap.min.css HTTP/1.1" 200 109518
[05/Aug/2015 13:42:56]"GET /static/rest_framework/js/default.js HTTP/1.1" 200 1692
[05/Aug/2015 13:42:57]"GET /static/rest_framework/js/jquery-1.8.1-min.js HTTP/1.1" 200 92791
[05/Aug/2015 13:42:58]"GET /static/rest_framework/img/grid.png HTTP/1.1" 200 1458
[05/Aug/2015 13:43:01]"GET /favicon.ico HTTP/1.1" 404 5660
[05/Aug/2015 13:44:03]"GET / HTTP/1.1" 403 5631
[05/Aug/2015 13:44:03]"GET /static/rest_framework/css/prettify.css HTTP/1.1" 200 817
[05/Aug/2015 13:44:03]"GET /static/rest_framework/css/bootstrap-tweaks.css HTTP/1.1" 200 3143
[05/Aug/2015 13:44:03]"GET /static/rest_framework/css/default.css HTTP/1.1" 200 944
[05/Aug/2015 13:44:03]"GET /static/rest_framework/js/jquery-1.8.1-min.js HTTP/1.1" 200 92791
[05/Aug/2015 13:44:03]"GET /static/rest_framework/js/prettify-min.js HTTP/1.1" 200 13632
[05/Aug/2015 13:44:03]"GET /static/rest_framework/js/default.js HTTP/1.1" 200 1692
[05/Aug/2015 13:44:03]"GET /static/rest_framework/css/bootstrap.min.css HTTP/1.1" 200 109518
[05/Aug/2015 13:44:03]"GET /static/rest_framework/js/bootstrap.min.js HTTP/1.1" 200 31819
[05/Aug/2015 13:44:03]"GET /static/rest_framework/img/grid.png HTTP/1.1" 200 1458
[05/Aug/2015 13:44:03]"GET /favicon.ico HTTP/1.1" 404 5660
[05/Aug/2015 13:44:55]"GET /api-auth/login/?next=/ HTTP/1.1" 200 3633
[05/Aug/2015 13:45:03]"POST /api-auth/login/ HTTP/1.1" 302 0
[05/Aug/2015 13:45:03]"GET / HTTP/1.1" 200 6886
[05/Aug/2015 13:45:12]"GET /users/ HTTP/1.1" 200 12065
[05/Aug/2015 13:45:18]"GET / HTTP/1.1" 403 5631
[05/Aug/2015 13:45:18]"GET /static/rest_framework/css/default.css HTTP/1.1" 200 944
[05/Aug/2015 13:45:18]"GET /static/rest_framework/js/bootstrap.min.js HTTP/1.1" 200 31819
[05/Aug/2015 13:45:18]"GET /static/rest_framework/js/default.js HTTP/1.1" 200 1692
[05/Aug/2015 13:45:18]"GET /static/rest_framework/js/prettify-min.js HTTP/1.1" 200 13632
[05/Aug/2015 13:45:18]"GET /static/rest_framework/css/bootstrap-tweaks.css HTTP/1.1" 200 3143
[05/Aug/2015 13:45:18]"GET /static/rest_framework/css/prettify.css HTTP/1.1" 200 817
[05/Aug/2015 13:45:18]"GET /static/rest_framework/js/jquery-1.8.1-min.js HTTP/1.1" 200 92791
[05/Aug/2015 13:45:18]"GET /static/rest_framework/css/bootstrap.min.css HTTP/1.1" 200 109518
[05/Aug/2015 13:45:18]"GET /static/rest_framework/img/grid.png HTTP/1.1" 200 1458
[05/Aug/2015 13:45:18]"GET /favicon.ico HTTP/1.1" 404 5660
[05/Aug/2015 13:45:20]"GET /calls/ HTTP/1.1" 200 36568
[05/Aug/2015 13:45:38]"POST /calls/ HTTP/1.1" 200 28363
[05/Aug/2015 13:45:39]"GET /api-auth/login/?next=/ HTTP/1.1" 200 3633
[05/Aug/2015 13:45:43]"POST /calls/ HTTP/1.1" 200 28363
[05/Aug/2015 13:45:44]"POST /api-auth/login/ HTTP/1.1" 200 3959
[05/Aug/2015 13:45:44]"POST /calls/ HTTP/1.1" 200 28363
[05/Aug/2015 13:45:50]"POST /api-auth/login/ HTTP/1.1" 302 0
[05/Aug/2015 13:45:50]"GET / HTTP/1.1" 200 6886
[05/Aug/2015 13:45:56]"GET /calls/ HTTP/1.1" 200 36568
[05/Aug/2015 13:46:07]"GET /calls/?format=json HTTP/1.1" 200 7269
[05/Aug/2015 13:46:13]"POST /calls/ HTTP/1.1" 200 28363
[05/Aug/2015 13:46:15]"POST /calls/ HTTP/1.1" 200 28363
[05/Aug/2015 13:46:18]"GET /calls/ HTTP/1.1" 200 11667
[05/Aug/2015 13:46:20]"GET /incidents/ HTTP/1.1" 200 28722
[05/Aug/2015 13:46:30]"GET /calls/ HTTP/1.1" 200 36568
[05/Aug/2015 13:46:49]"GET /incidents/?page=2 HTTP/1.1" 200 28894
[05/Aug/2015 13:46:50]"GET /incidents/ HTTP/1.1" 200 28722
[05/Aug/2015 13:46:56]"POST /incidents/ HTTP/1.1" 200 23499
[05/Aug/2015 13:47:02]"POST /incidents/ HTTP/1.1" 200 23499
[05/Aug/2015 13:47:02]"POST /incidents/ HTTP/1.1" 200 23499
[05/Aug/2015 13:47:08]"POST /incidents/ HTTP/1.1" 200 23499
[05/Aug/2015 13:47:08]"POST /incidents/ HTTP/1.1" 200 23499
[05/Aug/2015 13:47:16]"POST /calls/ HTTP/1.1" 200 28363
[05/Aug/2015 13:47:26]"POST /incidents/ HTTP/1.1" 200 23499
[05/Aug/2015 13:47:40]"GET /incidents/ HTTP/1.1" 200 28722
[05/Aug/2015 13:47:43]"POST /incidents/ HTTP/1.1" 200 23499
[05/Aug/2015 13:48:14]"GET /incidents/ HTTP/1.1" 200 28722
[05/Aug/2015 13:48:25]"GET / HTTP/1.1" 200 6886
[05/Aug/2015 13:48:33]"GET /incidents/ HTTP/1.1" 200 28722
[05/Aug/2015 13:48:38]"GET /calls/ HTTP/1.1" 200 36568
[05/Aug/2015 13:48:39]"GET / HTTP/1.1" 200 6886
[05/Aug/2015 13:48:39]"GET / HTTP/1.1" 200 6886
[05/Aug/2015 13:48:43]"GET /calls/ HTTP/1.1" 200 36568
[05/Aug/2015 13:48:45]"GET /calls/ HTTP/1.1" 200 36568
[05/Aug/2015 13:48:48]"GET /calls/ HTTP/1.1" 200 36568
[05/Aug/2015 13:48:48]"GET / HTTP/1.1" 200 6886
[05/Aug/2015 13:48:50]"GET /calls/ HTTP/1.1" 200 36568
[05/Aug/2015 13:49:20]"GET /calls/?format=json HTTP/1.1" 200 7269
[05/Aug/2015 13:49:22]"GET /?format=api HTTP/1.1" 200 6919
[05/Aug/2015 13:49:50]"POST /calls/ HTTP/1.1" 200 28363
[05/Aug/2015 13:50:02]"POST /calls/ HTTP/1.1" 200 28363
[05/Aug/2015 13:50:17]"GET /calls/ HTTP/1.1" 200 36568
[05/Aug/2015 14:21:54]"GET /calls/ HTTP/1.1" 403 58
[05/Aug/2015 14:22:04]"GET /calls/ HTTP/1.1" 403 58
[05/Aug/2015 14:22:19]"GET /calls/ HTTP/1.1" 403 58
[05/Aug/2015 14:24:19]"GET /calls/ HTTP/1.1" 403 58
[05/Aug/2015 14:24:47]"GET /calls/ HTTP/1.1" 200 7257
[05/Aug/2015 14:25:26]"GET /calls/ HTTP/1.1" 200 7257
[05/Aug/2015 14:31:36]"GET /calls/ HTTP/1.1" 200 7257
[05/Aug/2015 14:31:41]"GET /calls/ HTTP/1.1" 200 7257
[05/Aug/2015 14:36:09]"POST /calls/ HTTP/1.1" 200 28363
[05/Aug/2015 14:36:12]"GET /calls/ HTTP/1.1" 200 36568
[05/Aug/2015 14:36:14]"GET /calls/?limit=100 HTTP/1.1" 200 36740
[05/Aug/2015 14:36:14]"GET /calls/?page=3 HTTP/1.1" 200 11703
[05/Aug/2015 14:36:20]"GET /calls/?page=2 HTTP/1.1" 200 11732
[05/Aug/2015 14:38:23]"GET /calls/?limit=100&page=2 HTTP/1.1" 200 37024
[05/Aug/2015 14:49:35]"GET /calls/?page=2 HTTP/1.1" 200 36802
[05/Aug/2015 14:52:01]"GET /calls/?limit=1000 HTTP/1.1" 200 36754
Performing system checks...

System check identified no issues (0 silenced).
August 01, 2015 - 14:07:20
Django version 1.8.3, using settings 'cfsbackend.settings'
Starting development server at http://0.0.0.0:8888/
Quit the server with CONTROL-C.
/opt/cfs_analytics_backend/cfsbackend/cfsbackend/cfsapp/models.py:13: RemovedInDjango19Warning: Model class cfsbackend.cfsapp.models.Call doesn't declare an explicit app_label and either isn't in an application in INSTALLED_APPS or else was imported before its application was loaded. This will no longer be supported in Django 1.9.
  class Call(models.Model):

/opt/cfs_analytics_backend/cfsbackend/cfsbackend/cfsapp/models.py:56: RemovedInDjango19Warning: Model class cfsbackend.cfsapp.models.City doesn't declare an explicit app_label and either isn't in an application in INSTALLED_APPS or else was imported before its application was loaded. This will no longer be supported in Django 1.9.
  class City(models.Model):

/opt/cfs_analytics_backend/cfsbackend/cfsbackend/cfsapp/models.py:64: RemovedInDjango19Warning: Model class cfsbackend.cfsapp.models.Incident doesn't declare an explicit app_label and either isn't in an application in INSTALLED_APPS or else was imported before its application was loaded. This will no longer be supported in Django 1.9.
  class Incident(models.Model):

/opt/cfs_analytics_backend/cfsbackend/cfsbackend/cfsapp/models.py:13: RemovedInDjango19Warning: Model class cfsbackend.cfsapp.models.Call doesn't declare an explicit app_label and either isn't in an application in INSTALLED_APPS or else was imported before its application was loaded. This will no longer be supported in Django 1.9.
  class Call(models.Model):

/opt/cfs_analytics_backend/cfsbackend/cfsbackend/cfsapp/models.py:56: RemovedInDjango19Warning: Model class cfsbackend.cfsapp.models.City doesn't declare an explicit app_label and either isn't in an application in INSTALLED_APPS or else was imported before its application was loaded. This will no longer be supported in Django 1.9.
  class City(models.Model):

/opt/cfs_analytics_backend/cfsbackend/cfsbackend/cfsapp/models.py:64: RemovedInDjango19Warning: Model class cfsbackend.cfsapp.models.Incident doesn't declare an explicit app_label and either isn't in an application in INSTALLED_APPS or else was imported before its application was loaded. This will no longer be supported in Django 1.9.
  class Incident(models.Model):

